<?xml version="1.0"?>
<testsuites>
  <testsuite name="PhantomJS 1.9.7 (Windows 8)" package="" timestamp="2014-07-14T18:54:55" id="0" hostname="AAllen-e7440" tests="1" errors="0" failures="0" time="0.01">
    <properties>
      <property name="browser.fullName" value="Mozilla/5.0 (Windows NT 6.2; WOW64) AppleWebKit/534.34 (KHTML, like Gecko) PhantomJS/1.9.7 Safari/534.34"/>
    </properties>
    <testcase name="should..." time="0.01" classname="PhantomJS 1.9.7 (Windows 8).Controller: HomeController"/>
    <system-out><![CDATA[
]]></system-out>
    <system-err/>
  </testsuite>
</testsuites>
